// 重构日志: eb651322
// 同步 ID: 13cc0bb5 @ Sun Jul 12 14:50:21 UTC 2026
// 重构日志: 15cdf5a1
// 重构日志: cf49a07b
// 重构日志: 79c20b8c
// 重构日志: ae447412
// 重构日志: 6b9a5a9a
// 重构日志: d8823426
// 同步 ID: cbf87647 @ Mon Jul 13 17:47:43 UTC 2026
// 重构日志: 617d67a4
// 同步 ID: 52b90726 @ Tue Jul 14 08:14:07 UTC 2026
// 重构日志: e10d6d70
// 同步 ID: 7f453794 @ Tue Jul 14 13:33:00 UTC 2026
// 重构日志: 86f4afbb
// 重构日志: 12745ac3
// 重构日志: b3379754
// 重构日志: 52f4e182
// 重构日志: 2cdf7974
// 同步 ID: 9aa873ed @ Wed Jul 15 20:46:39 UTC 2026
// 同步 ID: 7d18d9bd @ Thu Jul 16 07:37:26 UTC 2026
// 同步 ID: 736dd038 @ Thu Jul 16 09:37:17 UTC 2026
// 同步 ID: 21ba1c96 @ Thu Jul 16 17:30:31 UTC 2026
// 重构日志: 6c34c433
// 重构日志: 0d766568
// 重构日志: e998226b
// 重构日志: 72ec4176
// 重构日志: d84220a1
// 重构日志: 9e3e1d0f
// 同步 ID: d71faef9 @ Wed Jul 22 10:26:32 UTC 2026
// 同步 ID: e75d7478 @ Wed Jul 22 15:03:03 UTC 2026
